# JRE version: OpenJDK Runtime Environment Temurin-17.0.6+10 (17.0.6+10) (build 17.0.6+10)
# Java VM: OpenJDK 64-Bit Server VM Temurin-17.0.6+10 (17.0.6+10, mixed mode, tiered, compressed oops, compressed class ptrs, g1 gc, windows-amd64)
GC Precious Log:
 CPUs: 4 total, 4 available
 Memory: 12208M
 Large Page Support: Disabled
 NUMA Support: Disabled
 Compressed Oops: Enabled (Zero based)
 Heap Region Size: 2M
 Heap Min Capacity: 8M
 Heap Initial Capacity: 192M
 Heap Max Capacity: 3054M
 Pre-touch: Disabled
 Parallel Workers: 4
 Concurrent Workers: 1
 Concurrent Refinement Workers: 4
 Periodic GC: Disabled
Heap:
 garbage-first heap   total 38912K, used 22435K [0x0000000741200000, 0x0000000800000000)
  region size 2048K, 2 young (4096K), 1 survivors (2048K)
 Metaspace       used 29582K, committed 29824K, reserved 1081344K
  class space    used 3093K, committed 3200K, reserved 1048576K
GC Heap History (20 events):
Event: 65.283 GC heap before
{Heap before GC invocations=28 (full 0):
 garbage-first heap   total 34816K, used 16459K [0x0000000741200000, 0x0000000800000000)
  region size 2048K, 2 young (4096K), 1 survivors (2048K)
 Metaspace       used 28940K, committed 29184K, reserved 1081344K
  class space    used 3052K, committed 3200K, reserved 1048576K
}
Event: 65.284 GC heap after
{Heap after GC invocations=29 (full 0):
 garbage-first heap   total 34816K, used 12418K [0x0000000741200000, 0x0000000800000000)
  region size 2048K, 1 young (2048K), 1 survivors (2048K)
 Metaspace       used 28940K, committed 29184K, reserved 1081344K
  class space    used 3052K, committed 3200K, reserved 1048576K
}
Event: 65.871 GC heap before
{Heap before GC invocations=29 (full 0):
 garbage-first heap   total 34816K, used 16514K [0x0000000741200000, 0x0000000800000000)
  region size 2048K, 2 young (4096K), 1 survivors (2048K)
 Metaspace       used 28950K, committed 29184K, reserved 1081344K
  class space    used 3052K, committed 3200K, reserved 1048576K
}
Event: 65.872 GC heap after
{Heap after GC invocations=30 (full 0):
 garbage-first heap   total 34816K, used 12440K [0x0000000741200000, 0x0000000800000000)
  region size 2048K, 1 young (2048K), 1 survivors (2048K)
 Metaspace       used 28950K, committed 29184K, reserved 1081344K
  class space    used 3052K, committed 3200K, reserved 1048576K
}
Event: 66.895 GC heap before
{Heap before GC invocations=30 (full 0):
 garbage-first heap   total 34816K, used 16536K [0x0000000741200000, 0x0000000800000000)
  region size 2048K, 2 young (4096K), 1 survivors (2048K)
 Metaspace       used 28957K, committed 29184K, reserved 1081344K
  class space    used 3052K, committed 3200K, reserved 1048576K
}
Event: 66.897 GC heap after
{Heap after GC invocations=31 (full 0):
 garbage-first heap   total 34816K, used 12436K [0x0000000741200000, 0x0000000800000000)
  region size 2048K, 1 young (2048K), 1 survivors (2048K)
 Metaspace       used 28957K, committed 29184K, reserved 1081344K
  class space    used 3052K, committed 3200K, reserved 1048576K
}
Event: 67.914 GC heap before
{Heap before GC invocations=31 (full 0):
 garbage-first heap   total 34816K, used 16532K [0x0000000741200000, 0x0000000800000000)
  region size 2048K, 2 young (4096K), 1 survivors (2048K)
 Metaspace       used 28960K, committed 29184K, reserved 1081344K
  class space    used 3052K, committed 3200K, reserved 1048576K
}
Event: 67.916 GC heap after
{Heap after GC invocations=32 (full 0):
 garbage-first heap   total 34816K, used 12409K [0x0000000741200000, 0x0000000800000000)
  region size 2048K, 1 young (2048K), 1 survivors (2048K)
 Metaspace       used 28960K, committed 29184K, reserved 1081344K
  class space    used 3052K, committed 3200K, reserved 1048576K
}
Event: 70.553 GC heap before
{Heap before GC invocations=32 (full 0):
 garbage-first heap   total 34816K, used 20601K [0x0000000741200000, 0x0000000800000000)
  region size 2048K, 4 young (8192K), 1 survivors (2048K)
 Metaspace       used 29148K, committed 29440K, reserved 1081344K
  class space    used 3068K, committed 3200K, reserved 1048576K
}
Event: 70.558 GC heap after
{Heap after GC invocations=33 (full 0):
 garbage-first heap   total 34816K, used 13574K [0x0000000741200000, 0x0000000800000000)
  region size 2048K, 1 young (2048K), 1 survivors (2048K)
 Metaspace       used 29148K, committed 29440K, reserved 1081344K
  class space    used 3068K, committed 3200K, reserved 1048576K
}
Event: 71.941 GC heap before
{Heap before GC invocations=33 (full 0):
 garbage-first heap   total 34816K, used 17670K [0x0000000741200000, 0x0000000800000000)
  region size 2048K, 2 young (4096K), 1 survivors (2048K)
 Metaspace       used 29250K, committed 29504K, reserved 1081344K
  class space    used 3072K, committed 3200K, reserved 1048576K
}
Event: 71.946 GC heap after
{Heap after GC invocations=34 (full 0):
 garbage-first heap   total 34816K, used 13808K [0x0000000741200000, 0x0000000800000000)
  region size 2048K, 1 young (2048K), 1 survivors (2048K)
 Metaspace       used 29250K, committed 29504K, reserved 1081344K
  class space    used 3072K, committed 3200K, reserved 1048576K
}
Event: 73.992 GC heap before
{Heap before GC invocations=34 (full 0):
 garbage-first heap   total 34816K, used 15856K [0x0000000741200000, 0x0000000800000000)
  region size 2048K, 2 young (4096K), 1 survivors (2048K)
 Metaspace       used 29268K, committed 29504K, reserved 1081344K
  class space    used 3072K, committed 3200K, reserved 1048576K
}
Event: 73.993 GC heap after
{Heap after GC invocations=35 (full 0):
 garbage-first heap   total 34816K, used 13662K [0x0000000741200000, 0x0000000800000000)
  region size 2048K, 1 young (2048K), 1 survivors (2048K)
 Metaspace       used 29268K, committed 29504K, reserved 1081344K
  class space    used 3072K, committed 3200K, reserved 1048576K
}
Event: 91.732 GC heap before
{Heap before GC invocations=35 (full 0):
 garbage-first heap   total 34816K, used 23902K [0x0000000741200000, 0x0000000800000000)
  region size 2048K, 6 young (12288K), 1 survivors (2048K)
 Metaspace       used 29400K, committed 29632K, reserved 1081344K
  class space    used 3080K, committed 3200K, reserved 1048576K
}
Event: 91.737 GC heap after
{Heap after GC invocations=36 (full 0):
 garbage-first heap   total 34816K, used 14866K [0x0000000741200000, 0x0000000800000000)
  region size 2048K, 1 young (2048K), 1 survivors (2048K)
 Metaspace       used 29400K, committed 29632K, reserved 1081344K
  class space    used 3080K, committed 3200K, reserved 1048576K
}
Event: 96.011 GC heap before
{Heap before GC invocations=36 (full 0):
 garbage-first heap   total 34816K, used 21010K [0x0000000741200000, 0x0000000800000000)
  region size 2048K, 4 young (8192K), 1 survivors (2048K)
 Metaspace       used 29533K, committed 29760K, reserved 1081344K
  class space    used 3091K, committed 3200K, reserved 1048576K
}
Event: 96.016 GC heap after
{Heap after GC invocations=37 (full 0):
 garbage-first heap   total 34816K, used 16028K [0x0000000741200000, 0x0000000800000000)
  region size 2048K, 1 young (2048K), 1 survivors (2048K)
 Metaspace       used 29533K, committed 29760K, reserved 1081344K
  class space    used 3091K, committed 3200K, reserved 1048576K
}
Event: 99.592 GC heap before
{Heap before GC invocations=38 (full 0):
 garbage-first heap   total 38912K, used 32412K [0x0000000741200000, 0x0000000800000000)
  region size 2048K, 2 young (4096K), 1 survivors (2048K)
 Metaspace       used 29558K, committed 29760K, reserved 1081344K
  class space    used 3093K, committed 3200K, reserved 1048576K
}
Event: 99.594 GC heap after
{Heap after GC invocations=39 (full 0):
 garbage-first heap   total 38912K, used 16291K [0x0000000741200000, 0x0000000800000000)
  region size 2048K, 1 young (2048K), 1 survivors (2048K)
 Metaspace       used 29558K, committed 29760K, reserved 1081344K
  class space    used 3093K, committed 3200K, reserved 1048576K
}

